2025-08-24T15:25:04: 
> croxy-exim-website@0.0.0 dev
> vite

2025-08-24T15:25:04: 2025-08-24T15:25:04: 2025-08-24T15:25:04: 2025-08-24T15:25:05: 
> croxy-exim-website@0.0.0 dev
> vite

2025-08-24T15:25:05: 2025-08-24T15:25:05: 2025-08-24T15:25:05: 2025-08-24T15:25:05: 
> croxy-exim-website@0.0.0 dev
> vite

2025-08-24T15:25:05: 2025-08-24T15:25:05: 2025-08-24T15:25:05: 2025-08-24T15:25:05: 
> croxy-exim-website@0.0.0 dev
> vite

2025-08-24T15:25:05: 2025-08-24T15:25:05: 2025-08-24T15:25:05: 2025-08-24T15:25:06: 
> croxy-exim-website@0.0.0 dev
> vite

2025-08-24T15:25:06: 2025-08-24T15:25:06: 2025-08-24T15:25:06: 2025-08-24T15:25:06: 
> croxy-exim-website@0.0.0 dev
> vite

2025-08-24T15:25:06: 2025-08-24T15:25:06: 2025-08-24T15:25:06: 2025-08-24T15:25:06: 
> croxy-exim-website@0.0.0 dev
> vite

2025-08-24T15:25:06: 2025-08-24T15:25:06: 2025-08-24T15:25:06: 2025-08-24T15:25:07: 
> croxy-exim-website@0.0.0 dev
> vite

2025-08-24T15:25:07: 2025-08-24T15:25:07: 2025-08-24T15:25:07: 2025-08-24T15:25:07: 
> croxy-exim-website@0.0.0 dev
> vite

2025-08-24T15:25:07: 2025-08-24T15:25:07: 2025-08-24T15:25:07: 2025-08-24T15:25:07: 
> croxy-exim-website@0.0.0 dev
> vite

2025-08-24T15:25:07: 2025-08-24T15:25:07: 2025-08-24T15:25:07: 2025-08-24T15:25:08: 
> croxy-exim-website@0.0.0 dev
> vite

2025-08-24T15:25:08: 2025-08-24T15:25:08: 2025-08-24T15:25:08: 2025-08-24T15:25:08: 
> croxy-exim-website@0.0.0 dev
> vite

2025-08-24T15:25:08: 2025-08-24T15:25:08: 2025-08-24T15:25:08: 2025-08-24T15:25:08: 
> croxy-exim-website@0.0.0 dev
> vite

2025-08-24T15:25:08: 2025-08-24T15:25:08: 2025-08-24T15:25:08: 2025-08-24T15:25:08: 
> croxy-exim-website@0.0.0 dev
> vite

2025-08-24T15:25:08: 2025-08-24T15:25:08: 2025-08-24T15:25:08: 2025-08-24T15:25:09: 
> croxy-exim-website@0.0.0 dev
> vite

2025-08-24T15:25:09: 2025-08-24T15:25:09: 2025-08-24T15:25:09: 2025-08-24T15:25:09: 
> croxy-exim-website@0.0.0 dev
> vite

2025-08-24T15:25:09: 2025-08-24T15:25:09: 2025-08-24T15:25:09: 