2025-08-24T15:22:04: 2025-08-24T15:22:04: 2025-08-24T15:22:04: 2025-08-24T15:22:05: 2025-08-24T15:22:05: 2025-08-24T15:22:05: 2025-08-24T15:22:05: 2025-08-24T15:22:05: 2025-08-24T15:22:05: 2025-08-24T15:22:06: 2025-08-24T15:22:06: 2025-08-24T15:22:06: 2025-08-24T15:22:06: 2025-08-24T15:22:06: 2025-08-24T15:22:06: 2025-08-24T15:22:07: 2025-08-24T15:22:07: 2025-08-24T15:22:07: 2025-08-24T15:22:08: 2025-08-24T15:22:08: 2025-08-24T15:22:08: 2025-08-24T15:22:08: 2025-08-24T15:22:08: 2025-08-24T15:22:08: 2025-08-24T15:22:09: 2025-08-24T15:22:09: 2025-08-24T15:22:09: 2025-08-24T15:22:10: 2025-08-24T15:22:10: 2025-08-24T15:22:10: 2025-08-24T15:22:10: 2025-08-24T15:22:10: 2025-08-24T15:22:10: 2025-08-24T15:22:11: 2025-08-24T15:22:11: 2025-08-24T15:22:11: 2025-08-24T15:22:12: 2025-08-24T15:22:12: 2025-08-24T15:22:12: 2025-08-24T15:22:12: 2025-08-24T15:22:12: 2025-08-24T15:22:12: 2025-08-24T15:22:13: 2025-08-24T15:22:13: 2025-08-24T15:22:13: 2025-08-24T15:22:14: 2025-08-24T15:22:14: 2025-08-24T15:22:14: 2025-08-24T15:22:41: 2025-08-24T15:22:41: 2025-08-24T15:22:41: 2025-08-24T15:22:41: 2025-08-24T15:22:41: 2025-08-24T15:22:41: 2025-08-24T15:22:42: 2025-08-24T15:22:42: 2025-08-24T15:22:42: 2025-08-24T15:22:42: 2025-08-24T15:22:42: 2025-08-24T15:22:42: 2025-08-24T15:22:43: 2025-08-24T15:22:43: 2025-08-24T15:22:43: 2025-08-24T15:22:44: 2025-08-24T15:22:44: 2025-08-24T15:22:44: 2025-08-24T15:22:44: 2025-08-24T15:22:44: 2025-08-24T15:22:44: 2025-08-24T15:22:45: 2025-08-24T15:22:45: 2025-08-24T15:22:45: 2025-08-24T15:22:46: 2025-08-24T15:22:46: 2025-08-24T15:22:46: 2025-08-24T15:22:46: 2025-08-24T15:22:46: 2025-08-24T15:22:46: 2025-08-24T15:22:47: 2025-08-24T15:22:47: 2025-08-24T15:22:47: 2025-08-24T15:22:48: 2025-08-24T15:22:48: 2025-08-24T15:22:48: 2025-08-24T15:22:48: 2025-08-24T15:22:48: 2025-08-24T15:22:48: 2025-08-24T15:22:49: 2025-08-24T15:22:49: 2025-08-24T15:22:49: 2025-08-24T15:22:50: 2025-08-24T15:22:50: 2025-08-24T15:22:50: 2025-08-24T15:22:51: 2025-08-24T15:22:51: 2025-08-24T15:22:51: 2025-08-24T15:23:21: 2025-08-24T15:23:21: 2025-08-24T15:23:21: 2025-08-24T15:23:21: 2025-08-24T15:23:21: 2025-08-24T15:23:21: 2025-08-24T15:23:22: 2025-08-24T15:23:22: 2025-08-24T15:23:22: 2025-08-24T15:23:23: 2025-08-24T15:23:23: 2025-08-24T15:23:23: 2025-08-24T15:23:23: 2025-08-24T15:23:23: 2025-08-24T15:23:23: 2025-08-24T15:23:24: 2025-08-24T15:23:24: 2025-08-24T15:23:24: 2025-08-24T15:23:25: 2025-08-24T15:23:25: 2025-08-24T15:23:25: 2025-08-24T15:23:25: 2025-08-24T15:23:25: 2025-08-24T15:23:25: 2025-08-24T15:23:26: 2025-08-24T15:23:26: 2025-08-24T15:23:26: 2025-08-24T15:23:26: 2025-08-24T15:23:26: 2025-08-24T15:23:26: 2025-08-24T15:23:27: 2025-08-24T15:23:27: 2025-08-24T15:23:27: 2025-08-24T15:23:28: 2025-08-24T15:23:28: 2025-08-24T15:23:28: 2025-08-24T15:23:28: 2025-08-24T15:23:28: 2025-08-24T15:23:28: 2025-08-24T15:23:29: 2025-08-24T15:23:29: 2025-08-24T15:23:29: 2025-08-24T15:23:29: 2025-08-24T15:23:29: 2025-08-24T15:23:30: 2025-08-24T15:23:30: 2025-08-24T15:23:30: 2025-08-24T15:23:30: 2025-08-24T15:26:02: 
2025-08-24T15:26:02: > croxy-exim-website@0.0.0 dev
2025-08-24T15:26:02: > vite
2025-08-24T15:26:02: 
2025-08-24T15:26:02: sh: 1: 
2025-08-24T15:26:02: vite: Permission denied
2025-08-24T15:26:02: 
2025-08-24T15:26:02: 
2025-08-24T15:26:02: > croxy-exim-website@0.0.0 dev
2025-08-24T15:26:02: > vite
2025-08-24T15:26:02: 
2025-08-24T15:26:02: sh: 1: vite: Permission denied
2025-08-24T15:26:03: 
2025-08-24T15:26:03: > croxy-exim-website@0.0.0 dev
2025-08-24T15:26:03: > vite
2025-08-24T15:26:03: 
2025-08-24T15:26:03: sh: 1: vite: Permission denied
2025-08-24T15:26:03: 
2025-08-24T15:26:03: > croxy-exim-website@0.0.0 dev
2025-08-24T15:26:03: > vite
2025-08-24T15:26:03: 
2025-08-24T15:26:03: sh: 1: vite: Permission denied
2025-08-24T15:26:03: 
2025-08-24T15:26:03: > croxy-exim-website@0.0.0 dev
2025-08-24T15:26:03: > vite
2025-08-24T15:26:03: 
2025-08-24T15:26:03: sh: 1: vite: Permission denied
2025-08-24T15:27:08: 
2025-08-24T15:27:08: > croxy-exim-website@0.0.0 dev
2025-08-24T15:27:08: > vite
2025-08-24T15:27:08: 
2025-08-24T15:27:10: 3:27:10 PM [vite] (client) Re-optimizing dependencies because lockfile has changed
2025-08-24T15:27:10: 
2025-08-24T15:27:10:   VITE v6.3.5  ready in 1410 ms
2025-08-24T15:27:10: 
2025-08-24T15:27:10:   ➜  Local:   http://localhost:5173/
2025-08-24T15:27:10:   ➜  Network: http://169.254.0.21:5173/
2025-08-25T12:39:16: 
2025-08-25T12:39:16: > croxy-exim-website@0.0.0 dev
2025-08-25T12:39:16: > vite
2025-08-25T12:39:16: 
2025-08-25T12:39:17: 
2025-08-25T12:39:17:   VITE v6.3.5  ready in 988 ms
2025-08-25T12:39:17: 
2025-08-25T12:39:17:   ➜  Local:   http://localhost:5173/
2025-08-25T12:39:17:   ➜  Network: http://169.254.0.21:5173/
2025-08-25T12:40:46: 12:40:46 PM [vite] (client) hmr update /src/pages/Products.jsx, /src/App.css
