Traceback (most recent call last):
  File "/home/user/webapp/server.py", line 120, in <module>
    with socketserver.TCPServer(("", PORT), PHPHandler) as httpd:
         ^^^^^^^^^^^^^^^^^^^^^^^^^^^^^^^^^^^^^^^^^^^^^^
  File "/usr/local/lib/python3.12/socketserver.py", line 457, in __init__
    self.server_bind()
  File "/usr/local/lib/python3.12/socketserver.py", line 478, in server_bind
    self.socket.bind(self.server_address)
OSError: [Errno 98] Address already in use
Traceback (most recent call last):
  File "/home/user/webapp/server.py", line 120, in <module>
    with socketserver.TCPServer(("", PORT), PHPHandler) as httpd:
         ^^^^^^^^^^^^^^^^^^^^^^^^^^^^^^^^^^^^^^^^^^^^^^
  File "/usr/local/lib/python3.12/socketserver.py", line 457, in __init__
    self.server_bind()
  File "/usr/local/lib/python3.12/socketserver.py", line 478, in server_bind
    self.socket.bind(self.server_address)
OSError: [Errno 98] Address already in use
Traceback (most recent call last):
  File "/home/user/webapp/server.py", line 120, in <module>
    with socketserver.TCPServer(("", PORT), PHPHandler) as httpd:
         ^^^^^^^^^^^^^^^^^^^^^^^^^^^^^^^^^^^^^^^^^^^^^^
  File "/usr/local/lib/python3.12/socketserver.py", line 457, in __init__
    self.server_bind()
  File "/usr/local/lib/python3.12/socketserver.py", line 478, in server_bind
    self.socket.bind(self.server_address)
OSError: [Errno 98] Address already in use
Traceback (most recent call last):
  File "/home/user/webapp/server.py", line 120, in <module>
    with socketserver.TCPServer(("", PORT), PHPHandler) as httpd:
         ^^^^^^^^^^^^^^^^^^^^^^^^^^^^^^^^^^^^^^^^^^^^^^
  File "/usr/local/lib/python3.12/socketserver.py", line 457, in __init__
    self.server_bind()
  File "/usr/local/lib/python3.12/socketserver.py", line 478, in server_bind
    self.socket.bind(self.server_address)
OSError: [Errno 98] Address already in use
Error executing PHP: [Errno 2] No such file or directory: 'php'
127.0.0.1 - - [25/Aug/2025 05:14:45] code 500, message Internal Server Error: [Errno 2] No such file or directory: 'php'
127.0.0.1 - - [25/Aug/2025 05:14:45] "POST /api/inquiries.php HTTP/1.1" 500 -
10.12.190.104 - - [25/Aug/2025 05:14:49] "GET / HTTP/1.1" 200 -
10.12.190.104 - - [25/Aug/2025 05:14:50] "GET /assets/index-DeClSHNN.js HTTP/1.1" 200 -
10.12.190.104 - - [25/Aug/2025 05:14:50] "GET /assets/index--kxfoiHl.css HTTP/1.1" 200 -
Error executing PHP: [Errno 2] No such file or directory: 'php'
127.0.0.1 - - [25/Aug/2025 05:14:59] code 500, message Internal Server Error: [Errno 2] No such file or directory: 'php'
127.0.0.1 - - [25/Aug/2025 05:14:59] "POST /api/inquiries.php HTTP/1.1" 500 -
10.12.190.104 - - [25/Aug/2025 05:15:36] "GET /assets/hero_spices-B5vwaNTf.png HTTP/1.1" 200 -
10.12.190.104 - - [25/Aug/2025 05:16:05] "GET /admin HTTP/1.1" 200 -
10.12.190.104 - - [25/Aug/2025 05:16:06] "GET /assets/index-DeClSHNN.js HTTP/1.1" 304 -
10.12.190.104 - - [25/Aug/2025 05:16:06] "GET /assets/index--kxfoiHl.css HTTP/1.1" 304 -
Error executing PHP: [Errno 2] No such file or directory: 'php'
127.0.0.1 - - [25/Aug/2025 05:18:47] code 500, message Internal Server Error: [Errno 2] No such file or directory: 'php'
127.0.0.1 - - [25/Aug/2025 05:18:47] "POST /api/inquiries.php HTTP/1.1" 500 -
Error executing PHP: [Errno 2] No such file or directory: 'php'
127.0.0.1 - - [25/Aug/2025 05:19:01] code 500, message Internal Server Error: [Errno 2] No such file or directory: 'php'
127.0.0.1 - - [25/Aug/2025 05:19:01] "POST /api/inquiries.php HTTP/1.1" 500 -
Traceback (most recent call last):
  File "/home/user/webapp/server.py", line 120, in <module>
    with socketserver.TCPServer(("", PORT), PHPHandler) as httpd:
         ^^^^^^^^^^^^^^^^^^^^^^^^^^^^^^^^^^^^^^^^^^^^^^
  File "/usr/local/lib/python3.12/socketserver.py", line 457, in __init__
    self.server_bind()
  File "/usr/local/lib/python3.12/socketserver.py", line 478, in server_bind
    self.socket.bind(self.server_address)
OSError: [Errno 98] Address already in use
Traceback (most recent call last):
  File "/home/user/webapp/server.py", line 120, in <module>
    with socketserver.TCPServer(("", PORT), PHPHandler) as httpd:
         ^^^^^^^^^^^^^^^^^^^^^^^^^^^^^^^^^^^^^^^^^^^^^^
  File "/usr/local/lib/python3.12/socketserver.py", line 457, in __init__
    self.server_bind()
  File "/usr/local/lib/python3.12/socketserver.py", line 478, in server_bind
    self.socket.bind(self.server_address)
OSError: [Errno 98] Address already in use
Traceback (most recent call last):
  File "/home/user/webapp/server.py", line 120, in <module>
    with socketserver.TCPServer(("", PORT), PHPHandler) as httpd:
         ^^^^^^^^^^^^^^^^^^^^^^^^^^^^^^^^^^^^^^^^^^^^^^
  File "/usr/local/lib/python3.12/socketserver.py", line 457, in __init__
    self.server_bind()
  File "/usr/local/lib/python3.12/socketserver.py", line 478, in server_bind
    self.socket.bind(self.server_address)
OSError: [Errno 98] Address already in use
Traceback (most recent call last):
  File "/home/user/webapp/server.py", line 120, in <module>
    with socketserver.TCPServer(("", PORT), PHPHandler) as httpd:
         ^^^^^^^^^^^^^^^^^^^^^^^^^^^^^^^^^^^^^^^^^^^^^^
  File "/usr/local/lib/python3.12/socketserver.py", line 457, in __init__
    self.server_bind()
  File "/usr/local/lib/python3.12/socketserver.py", line 478, in server_bind
    self.socket.bind(self.server_address)
OSError: [Errno 98] Address already in use
Traceback (most recent call last):
  File "/home/user/webapp/server.py", line 120, in <module>
    with socketserver.TCPServer(("", PORT), PHPHandler) as httpd:
         ^^^^^^^^^^^^^^^^^^^^^^^^^^^^^^^^^^^^^^^^^^^^^^
  File "/usr/local/lib/python3.12/socketserver.py", line 457, in __init__
    self.server_bind()
  File "/usr/local/lib/python3.12/socketserver.py", line 478, in server_bind
    self.socket.bind(self.server_address)
OSError: [Errno 98] Address already in use
Traceback (most recent call last):
  File "/home/user/webapp/server.py", line 120, in <module>
    with socketserver.TCPServer(("", PORT), PHPHandler) as httpd:
         ^^^^^^^^^^^^^^^^^^^^^^^^^^^^^^^^^^^^^^^^^^^^^^
  File "/usr/local/lib/python3.12/socketserver.py", line 457, in __init__
    self.server_bind()
  File "/usr/local/lib/python3.12/socketserver.py", line 478, in server_bind
    self.socket.bind(self.server_address)
OSError: [Errno 98] Address already in use
Traceback (most recent call last):
  File "/home/user/webapp/server.py", line 120, in <module>
    with socketserver.TCPServer(("", PORT), PHPHandler) as httpd:
         ^^^^^^^^^^^^^^^^^^^^^^^^^^^^^^^^^^^^^^^^^^^^^^
  File "/usr/local/lib/python3.12/socketserver.py", line 457, in __init__
    self.server_bind()
  File "/usr/local/lib/python3.12/socketserver.py", line 478, in server_bind
    self.socket.bind(self.server_address)
OSError: [Errno 98] Address already in use
Traceback (most recent call last):
  File "/home/user/webapp/server.py", line 120, in <module>
    with socketserver.TCPServer(("", PORT), PHPHandler) as httpd:
         ^^^^^^^^^^^^^^^^^^^^^^^^^^^^^^^^^^^^^^^^^^^^^^
  File "/usr/local/lib/python3.12/socketserver.py", line 457, in __init__
    self.server_bind()
  File "/usr/local/lib/python3.12/socketserver.py", line 478, in server_bind
    self.socket.bind(self.server_address)
OSError: [Errno 98] Address already in use
